[0.236s] DEBUG:colcon:Command line arguments: ['/usr/bin/colcon', 'build', '--symlink-install']
[0.237s] DEBUG:colcon:Parsed command line arguments: Namespace(log_base=None, log_level=None, verb_name='build', build_base='build', install_base='install', merge_install=False, symlink_install=True, test_result_base=None, continue_on_error=False, executor='parallel', parallel_workers=4, event_handlers=None, ignore_user_meta=False, metas=['./colcon.meta'], base_paths=['.'], packages_ignore=None, packages_ignore_regex=None, paths=None, packages_up_to=None, packages_up_to_regex=None, packages_above=None, packages_above_and_dependencies=None, packages_above_depth=None, packages_select_by_dep=None, packages_skip_by_dep=None, packages_skip_up_to=None, packages_select_build_failed=False, packages_skip_build_finished=False, packages_select_test_failures=False, packages_skip_test_passed=False, packages_select=None, packages_skip=None, packages_select_regex=None, packages_skip_regex=None, packages_start=None, packages_end=None, allow_overriding=[], cmake_args=None, cmake_target=None, cmake_target_skip_unavailable=False, cmake_clean_cache=False, cmake_clean_first=False, cmake_force_configure=False, ament_cmake_args=None, catkin_cmake_args=None, catkin_skip_building_tests=False, mixin_files=None, mixin=None, verb_parser=<colcon_mixin.mixin.mixin_argument.MixinArgumentDecorator object at 0x7c2d69b023b0>, verb_extension=<colcon_core.verb.build.BuildVerb object at 0x7c2d69b01e70>, main=<bound method BuildVerb.main of <colcon_core.verb.build.BuildVerb object at 0x7c2d69b01e70>>, mixin_verb=('build',))
[0.689s] Level 1:colcon.colcon_core.package_discovery:discover_packages(colcon_meta) check parameters
[0.690s] Level 1:colcon.colcon_core.package_discovery:discover_packages(recursive) check parameters
[0.690s] Level 1:colcon.colcon_core.package_discovery:discover_packages(ignore) check parameters
[0.690s] Level 1:colcon.colcon_core.package_discovery:discover_packages(path) check parameters
[0.690s] Level 1:colcon.colcon_core.package_discovery:discover_packages(colcon_meta) discover
[0.690s] Level 1:colcon.colcon_core.package_discovery:discover_packages(recursive) discover
[0.691s] INFO:colcon.colcon_core.package_discovery:Crawling recursively for packages in '/home/aathil/ros2_ws/src'
[0.691s] Level 1:colcon.colcon_core.package_identification:_identify(.) by extensions ['ignore', 'ignore_ament_install']
[0.691s] Level 1:colcon.colcon_core.package_identification:_identify(.) by extension 'ignore'
[0.692s] Level 1:colcon.colcon_core.package_identification:_identify(.) by extension 'ignore_ament_install'
[0.692s] Level 1:colcon.colcon_core.package_identification:_identify(.) by extensions ['colcon_pkg']
[0.692s] Level 1:colcon.colcon_core.package_identification:_identify(.) by extension 'colcon_pkg'
[0.692s] Level 1:colcon.colcon_core.package_identification:_identify(.) by extensions ['colcon_meta']
[0.692s] Level 1:colcon.colcon_core.package_identification:_identify(.) by extension 'colcon_meta'
[0.693s] Level 1:colcon.colcon_core.package_identification:_identify(.) by extensions ['ros']
[0.693s] Level 1:colcon.colcon_core.package_identification:_identify(.) by extension 'ros'
[0.729s] Level 1:colcon.colcon_core.package_identification:_identify(.) by extensions ['cmake', 'python']
[0.729s] Level 1:colcon.colcon_core.package_identification:_identify(.) by extension 'cmake'
[0.729s] Level 1:colcon.colcon_core.package_identification:_identify(.) by extension 'python'
[0.729s] Level 1:colcon.colcon_core.package_identification:_identify(.) by extensions ['python_setup_py']
[0.730s] Level 1:colcon.colcon_core.package_identification:_identify(.) by extension 'python_setup_py'
[0.730s] Level 1:colcon.colcon_core.package_identification:_identify(build) by extensions ['ignore', 'ignore_ament_install']
[0.731s] Level 1:colcon.colcon_core.package_identification:_identify(build) by extension 'ignore'
[0.731s] Level 1:colcon.colcon_core.package_identification:_identify(build) ignored
[0.731s] Level 1:colcon.colcon_core.package_identification:_identify(install) by extensions ['ignore', 'ignore_ament_install']
[0.732s] Level 1:colcon.colcon_core.package_identification:_identify(install) by extension 'ignore'
[0.732s] Level 1:colcon.colcon_core.package_identification:_identify(install) ignored
[0.732s] Level 1:colcon.colcon_core.package_identification:_identify(log) by extensions ['ignore', 'ignore_ament_install']
[0.733s] Level 1:colcon.colcon_core.package_identification:_identify(log) by extension 'ignore'
[0.733s] Level 1:colcon.colcon_core.package_identification:_identify(log) ignored
[0.733s] Level 1:colcon.colcon_core.package_identification:_identify(my_robot_controller) by extensions ['ignore', 'ignore_ament_install']
[0.734s] Level 1:colcon.colcon_core.package_identification:_identify(my_robot_controller) by extension 'ignore'
[0.734s] Level 1:colcon.colcon_core.package_identification:_identify(my_robot_controller) by extension 'ignore_ament_install'
[0.734s] Level 1:colcon.colcon_core.package_identification:_identify(my_robot_controller) by extensions ['colcon_pkg']
[0.734s] Level 1:colcon.colcon_core.package_identification:_identify(my_robot_controller) by extension 'colcon_pkg'
[0.735s] Level 1:colcon.colcon_core.package_identification:_identify(my_robot_controller) by extensions ['colcon_meta']
[0.735s] Level 1:colcon.colcon_core.package_identification:_identify(my_robot_controller) by extension 'colcon_meta'
[0.735s] Level 1:colcon.colcon_core.package_identification:_identify(my_robot_controller) by extensions ['ros']
[0.735s] Level 1:colcon.colcon_core.package_identification:_identify(my_robot_controller) by extension 'ros'
[0.743s] DEBUG:colcon.colcon_core.package_identification:Package 'my_robot_controller' with type 'ros.ament_python' and name 'my_robot_controller'
[0.743s] Level 1:colcon.colcon_core.package_discovery:discover_packages(recursive) using defaults
[0.743s] Level 1:colcon.colcon_core.package_discovery:discover_packages(ignore) discover
[0.743s] Level 1:colcon.colcon_core.package_discovery:discover_packages(ignore) using defaults
[0.743s] Level 1:colcon.colcon_core.package_discovery:discover_packages(path) discover
[0.743s] Level 1:colcon.colcon_core.package_discovery:discover_packages(path) using defaults
[0.805s] Level 1:colcon.colcon_core.package_discovery:discover_packages(prefix_path) check parameters
[0.805s] Level 1:colcon.colcon_core.package_discovery:discover_packages(prefix_path) discover
[0.844s] DEBUG:colcon.colcon_installed_package_information.package_discovery:Found 1 installed packages in /home/aathil/ros2_ws/install
[0.848s] DEBUG:colcon.colcon_installed_package_information.package_discovery:Found 270 installed packages in /opt/ros/humble
[0.853s] Level 1:colcon.colcon_core.package_discovery:discover_packages(prefix_path) using defaults
[1.004s] Level 5:colcon.colcon_core.verb:set package 'my_robot_controller' build argument 'cmake_args' from command line to 'None'
[1.004s] Level 5:colcon.colcon_core.verb:set package 'my_robot_controller' build argument 'cmake_target' from command line to 'None'
[1.004s] Level 5:colcon.colcon_core.verb:set package 'my_robot_controller' build argument 'cmake_target_skip_unavailable' from command line to 'False'
[1.004s] Level 5:colcon.colcon_core.verb:set package 'my_robot_controller' build argument 'cmake_clean_cache' from command line to 'False'
[1.004s] Level 5:colcon.colcon_core.verb:set package 'my_robot_controller' build argument 'cmake_clean_first' from command line to 'False'
[1.004s] Level 5:colcon.colcon_core.verb:set package 'my_robot_controller' build argument 'cmake_force_configure' from command line to 'False'
[1.004s] Level 5:colcon.colcon_core.verb:set package 'my_robot_controller' build argument 'ament_cmake_args' from command line to 'None'
[1.004s] Level 5:colcon.colcon_core.verb:set package 'my_robot_controller' build argument 'catkin_cmake_args' from command line to 'None'
[1.004s] Level 5:colcon.colcon_core.verb:set package 'my_robot_controller' build argument 'catkin_skip_building_tests' from command line to 'False'
[1.005s] DEBUG:colcon.colcon_core.verb:Building package 'my_robot_controller' with the following arguments: {'ament_cmake_args': None, 'build_base': '/home/aathil/ros2_ws/src/build/my_robot_controller', 'catkin_cmake_args': None, 'catkin_skip_building_tests': False, 'cmake_args': None, 'cmake_clean_cache': False, 'cmake_clean_first': False, 'cmake_force_configure': False, 'cmake_target': None, 'cmake_target_skip_unavailable': False, 'install_base': '/home/aathil/ros2_ws/src/install/my_robot_controller', 'merge_install': False, 'path': '/home/aathil/ros2_ws/src/my_robot_controller', 'symlink_install': True, 'test_result_base': None}
[1.005s] INFO:colcon.colcon_core.executor:Executing jobs using 'parallel' executor
[1.009s] DEBUG:colcon.colcon_parallel_executor.executor.parallel:run_until_complete
[1.009s] INFO:colcon.colcon_ros.task.ament_python.build:Building ROS package in '/home/aathil/ros2_ws/src/my_robot_controller' with build type 'ament_python'
[1.009s] Level 1:colcon.colcon_core.shell:create_environment_hook('my_robot_controller', 'ament_prefix_path')
[1.015s] INFO:colcon.colcon_core.plugin_system:Skipping extension 'colcon_core.shell.bat': Not used on non-Windows systems
[1.016s] INFO:colcon.colcon_core.shell:Creating environment hook '/home/aathil/ros2_ws/src/install/my_robot_controller/share/my_robot_controller/hook/ament_prefix_path.ps1'
[1.018s] INFO:colcon.colcon_core.shell:Creating environment descriptor '/home/aathil/ros2_ws/src/install/my_robot_controller/share/my_robot_controller/hook/ament_prefix_path.dsv'
[1.020s] INFO:colcon.colcon_core.shell:Creating environment hook '/home/aathil/ros2_ws/src/install/my_robot_controller/share/my_robot_controller/hook/ament_prefix_path.sh'
[1.023s] INFO:colcon.colcon_core.shell:Skip shell extension 'powershell' for command environment: Not usable outside of PowerShell
[1.023s] DEBUG:colcon.colcon_core.shell:Skip shell extension 'dsv' for command environment
[1.794s] INFO:colcon.colcon_core.task.python.build:Building Python package in '/home/aathil/ros2_ws/src/my_robot_controller'
[1.794s] INFO:colcon.colcon_core.shell:Skip shell extension 'powershell' for command environment: Not usable outside of PowerShell
[1.794s] DEBUG:colcon.colcon_core.shell:Skip shell extension 'dsv' for command environment
[2.743s] DEBUG:colcon.colcon_core.event_handler.log_command:Invoking command in '/home/aathil/ros2_ws/src/build/my_robot_controller': PYTHONPATH=/home/aathil/ros2_ws/src/build/my_robot_controller/prefix_override:/usr/lib/python3/dist-packages/colcon_core/task/python/colcon_distutils_commands:/home/aathil/ros2_ws/src/install/my_robot_controller/lib/python3.10/site-packages:${PYTHONPATH} /usr/bin/python3 -W ignore:setup.py install is deprecated -W ignore:easy_install command is deprecated setup.py develop --editable --build-directory /home/aathil/ros2_ws/src/build/my_robot_controller/build --no-deps symlink_data
[4.527s] Level 1:colcon.colcon_core.shell:create_environment_hook('my_robot_controller', 'pythonpath_develop')
[4.528s] INFO:colcon.colcon_core.shell:Creating environment hook '/home/aathil/ros2_ws/src/build/my_robot_controller/share/my_robot_controller/hook/pythonpath_develop.ps1'
[4.529s] DEBUG:colcon.colcon_core.event_handler.log_command:Invoked command in '/home/aathil/ros2_ws/src/build/my_robot_controller' returned '0': PYTHONPATH=/home/aathil/ros2_ws/src/build/my_robot_controller/prefix_override:/usr/lib/python3/dist-packages/colcon_core/task/python/colcon_distutils_commands:/home/aathil/ros2_ws/src/install/my_robot_controller/lib/python3.10/site-packages:${PYTHONPATH} /usr/bin/python3 -W ignore:setup.py install is deprecated -W ignore:easy_install command is deprecated setup.py develop --editable --build-directory /home/aathil/ros2_ws/src/build/my_robot_controller/build --no-deps symlink_data
[4.531s] INFO:colcon.colcon_core.shell:Creating environment descriptor '/home/aathil/ros2_ws/src/build/my_robot_controller/share/my_robot_controller/hook/pythonpath_develop.dsv'
[4.532s] INFO:colcon.colcon_core.shell:Creating environment hook '/home/aathil/ros2_ws/src/build/my_robot_controller/share/my_robot_controller/hook/pythonpath_develop.sh'
[4.544s] Level 1:colcon.colcon_core.environment:checking '/home/aathil/ros2_ws/src/install/my_robot_controller' for CMake module files
[4.546s] Level 1:colcon.colcon_core.environment:checking '/home/aathil/ros2_ws/src/install/my_robot_controller' for CMake config files
[4.548s] Level 1:colcon.colcon_core.environment:checking '/home/aathil/ros2_ws/src/install/my_robot_controller/lib'
[4.549s] Level 1:colcon.colcon_core.environment:checking '/home/aathil/ros2_ws/src/install/my_robot_controller/bin'
[4.549s] Level 1:colcon.colcon_core.environment:checking '/home/aathil/ros2_ws/src/install/my_robot_controller/lib/pkgconfig/my_robot_controller.pc'
[4.550s] Level 1:colcon.colcon_core.environment:checking '/home/aathil/ros2_ws/src/install/my_robot_controller/lib/python3.10/site-packages'
[4.550s] Level 1:colcon.colcon_core.shell:create_environment_hook('my_robot_controller', 'pythonpath')
[4.552s] INFO:colcon.colcon_core.shell:Creating environment hook '/home/aathil/ros2_ws/src/install/my_robot_controller/share/my_robot_controller/hook/pythonpath.ps1'
[4.553s] INFO:colcon.colcon_core.shell:Creating environment descriptor '/home/aathil/ros2_ws/src/install/my_robot_controller/share/my_robot_controller/hook/pythonpath.dsv'
[4.555s] INFO:colcon.colcon_core.shell:Creating environment hook '/home/aathil/ros2_ws/src/install/my_robot_controller/share/my_robot_controller/hook/pythonpath.sh'
[4.557s] Level 1:colcon.colcon_core.environment:checking '/home/aathil/ros2_ws/src/install/my_robot_controller/bin'
[4.558s] Level 1:colcon.colcon_core.environment:create_environment_scripts_only(my_robot_controller)
[4.559s] INFO:colcon.colcon_core.shell:Creating package script '/home/aathil/ros2_ws/src/install/my_robot_controller/share/my_robot_controller/package.ps1'
[4.563s] INFO:colcon.colcon_core.shell:Creating package descriptor '/home/aathil/ros2_ws/src/install/my_robot_controller/share/my_robot_controller/package.dsv'
[4.566s] INFO:colcon.colcon_core.shell:Creating package script '/home/aathil/ros2_ws/src/install/my_robot_controller/share/my_robot_controller/package.sh'
[4.569s] INFO:colcon.colcon_core.shell:Creating package script '/home/aathil/ros2_ws/src/install/my_robot_controller/share/my_robot_controller/package.bash'
[4.572s] INFO:colcon.colcon_core.shell:Creating package script '/home/aathil/ros2_ws/src/install/my_robot_controller/share/my_robot_controller/package.zsh'
[4.575s] Level 1:colcon.colcon_core.environment:create_file_with_runtime_dependencies(/home/aathil/ros2_ws/src/install/my_robot_controller/share/colcon-core/packages/my_robot_controller)
[4.577s] DEBUG:colcon.colcon_parallel_executor.executor.parallel:closing loop
[4.577s] DEBUG:colcon.colcon_parallel_executor.executor.parallel:loop closed
[4.578s] DEBUG:colcon.colcon_parallel_executor.executor.parallel:run_until_complete finished with '0'
[4.578s] DEBUG:colcon.colcon_core.event_reactor:joining thread
[4.595s] INFO:colcon.colcon_core.plugin_system:Skipping extension 'colcon_notification.desktop_notification.terminal_notifier': Not used on non-Darwin systems
[4.596s] INFO:colcon.colcon_core.plugin_system:Skipping extension 'colcon_notification.desktop_notification.win32': Not used on non-Windows systems
[4.596s] INFO:colcon.colcon_notification.desktop_notification:Sending desktop notification using 'notify2'
[4.726s] DEBUG:colcon.colcon_core.event_reactor:joined thread
[4.727s] INFO:colcon.colcon_core.shell:Creating prefix script '/home/aathil/ros2_ws/src/install/local_setup.ps1'
[4.731s] INFO:colcon.colcon_core.shell:Creating prefix util module '/home/aathil/ros2_ws/src/install/_local_setup_util_ps1.py'
[4.738s] INFO:colcon.colcon_core.shell:Creating prefix chain script '/home/aathil/ros2_ws/src/install/setup.ps1'
[4.743s] INFO:colcon.colcon_core.shell:Creating prefix script '/home/aathil/ros2_ws/src/install/local_setup.sh'
[4.746s] INFO:colcon.colcon_core.shell:Creating prefix util module '/home/aathil/ros2_ws/src/install/_local_setup_util_sh.py'
[4.749s] INFO:colcon.colcon_core.shell:Creating prefix chain script '/home/aathil/ros2_ws/src/install/setup.sh'
[4.754s] INFO:colcon.colcon_core.shell:Creating prefix script '/home/aathil/ros2_ws/src/install/local_setup.bash'
[4.757s] INFO:colcon.colcon_core.shell:Creating prefix chain script '/home/aathil/ros2_ws/src/install/setup.bash'
[4.762s] INFO:colcon.colcon_core.shell:Creating prefix script '/home/aathil/ros2_ws/src/install/local_setup.zsh'
[4.765s] INFO:colcon.colcon_core.shell:Creating prefix chain script '/home/aathil/ros2_ws/src/install/setup.zsh'
