[2.029s] Invoking command in '/home/aathil/ros2_ws/src/build/my_robot_controller': PYTHONPATH=/home/aathil/ros2_ws/src/build/my_robot_controller/prefix_override:/usr/lib/python3/dist-packages/colcon_core/task/python/colcon_distutils_commands:/home/aathil/ros2_ws/src/install/my_robot_controller/lib/python3.10/site-packages:${PYTHONPATH} /usr/bin/python3 -W ignore:setup.py install is deprecated -W ignore:easy_install command is deprecated setup.py develop --editable --build-directory /home/aathil/ros2_ws/src/build/my_robot_controller/build --no-deps symlink_data
[2.927s] running develop
[3.536s] running egg_info
[3.536s] writing my_robot_controller.egg-info/PKG-INFO
[3.537s] writing dependency_links to my_robot_controller.egg-info/dependency_links.txt
[3.537s] writing entry points to my_robot_controller.egg-info/entry_points.txt
[3.538s] writing requirements to my_robot_controller.egg-info/requires.txt
[3.538s] writing top-level names to my_robot_controller.egg-info/top_level.txt
[3.543s] reading manifest file 'my_robot_controller.egg-info/SOURCES.txt'
[3.546s] writing manifest file 'my_robot_controller.egg-info/SOURCES.txt'
[3.552s] running build_ext
[3.552s] Creating /home/aathil/ros2_ws/src/install/my_robot_controller/lib/python3.10/site-packages/my-robot-controller.egg-link (link to .)
[3.555s] Installing Draw_circle script to /home/aathil/ros2_ws/src/install/my_robot_controller/lib/my_robot_controller
[3.556s] Installing draw_circle script to /home/aathil/ros2_ws/src/install/my_robot_controller/lib/my_robot_controller
[3.556s] Installing pose_subscriber script to /home/aathil/ros2_ws/src/install/my_robot_controller/lib/my_robot_controller
[3.557s] Installing test_node script to /home/aathil/ros2_ws/src/install/my_robot_controller/lib/my_robot_controller
[3.557s] Installing turtle_controller script to /home/aathil/ros2_ws/src/install/my_robot_controller/lib/my_robot_controller
[3.558s] 
[3.558s] Installed /home/aathil/ros2_ws/src/build/my_robot_controller
[3.558s] running symlink_data
[3.648s] Invoked command in '/home/aathil/ros2_ws/src/build/my_robot_controller' returned '0': PYTHONPATH=/home/aathil/ros2_ws/src/build/my_robot_controller/prefix_override:/usr/lib/python3/dist-packages/colcon_core/task/python/colcon_distutils_commands:/home/aathil/ros2_ws/src/install/my_robot_controller/lib/python3.10/site-packages:${PYTHONPATH} /usr/bin/python3 -W ignore:setup.py install is deprecated -W ignore:easy_install command is deprecated setup.py develop --editable --build-directory /home/aathil/ros2_ws/src/build/my_robot_controller/build --no-deps symlink_data
