[0.353s] DEBUG:colcon:Command line arguments: ['/usr/bin/colcon', 'build', '--symlink-install']
[0.353s] DEBUG:colcon:Parsed command line arguments: Namespace(log_base=None, log_level=None, verb_name='build', build_base='build', install_base='install', merge_install=False, symlink_install=True, test_result_base=None, continue_on_error=False, executor='parallel', parallel_workers=4, event_handlers=None, ignore_user_meta=False, metas=['./colcon.meta'], base_paths=['.'], packages_ignore=None, packages_ignore_regex=None, paths=None, packages_up_to=None, packages_up_to_regex=None, packages_above=None, packages_above_and_dependencies=None, packages_above_depth=None, packages_select_by_dep=None, packages_skip_by_dep=None, packages_skip_up_to=None, packages_select_build_failed=False, packages_skip_build_finished=False, packages_select_test_failures=False, packages_skip_test_passed=False, packages_select=None, packages_skip=None, packages_select_regex=None, packages_skip_regex=None, packages_start=None, packages_end=None, allow_overriding=[], cmake_args=None, cmake_target=None, cmake_target_skip_unavailable=False, cmake_clean_cache=False, cmake_clean_first=False, cmake_force_configure=False, ament_cmake_args=None, catkin_cmake_args=None, catkin_skip_building_tests=False, mixin_files=None, mixin=None, verb_parser=<colcon_mixin.mixin.mixin_argument.MixinArgumentDecorator object at 0x754dbe902620>, verb_extension=<colcon_core.verb.build.BuildVerb object at 0x754dbe9020e0>, main=<bound method BuildVerb.main of <colcon_core.verb.build.BuildVerb object at 0x754dbe9020e0>>, mixin_verb=('build',))
[0.965s] Level 1:colcon.colcon_core.package_discovery:discover_packages(colcon_meta) check parameters
[0.966s] Level 1:colcon.colcon_core.package_discovery:discover_packages(recursive) check parameters
[0.966s] Level 1:colcon.colcon_core.package_discovery:discover_packages(ignore) check parameters
[0.966s] Level 1:colcon.colcon_core.package_discovery:discover_packages(path) check parameters
[0.966s] Level 1:colcon.colcon_core.package_discovery:discover_packages(colcon_meta) discover
[0.967s] Level 1:colcon.colcon_core.package_discovery:discover_packages(recursive) discover
[0.967s] INFO:colcon.colcon_core.package_discovery:Crawling recursively for packages in '/home/aathil/ros2_ws/src'
[0.967s] Level 1:colcon.colcon_core.package_identification:_identify(.) by extensions ['ignore', 'ignore_ament_install']
[0.968s] Level 1:colcon.colcon_core.package_identification:_identify(.) by extension 'ignore'
[0.968s] Level 1:colcon.colcon_core.package_identification:_identify(.) by extension 'ignore_ament_install'
[0.968s] Level 1:colcon.colcon_core.package_identification:_identify(.) by extensions ['colcon_pkg']
[0.968s] Level 1:colcon.colcon_core.package_identification:_identify(.) by extension 'colcon_pkg'
[0.969s] Level 1:colcon.colcon_core.package_identification:_identify(.) by extensions ['colcon_meta']
[0.969s] Level 1:colcon.colcon_core.package_identification:_identify(.) by extension 'colcon_meta'
[0.969s] Level 1:colcon.colcon_core.package_identification:_identify(.) by extensions ['ros']
[0.969s] Level 1:colcon.colcon_core.package_identification:_identify(.) by extension 'ros'
[1.007s] Level 1:colcon.colcon_core.package_identification:_identify(.) by extensions ['cmake', 'python']
[1.007s] Level 1:colcon.colcon_core.package_identification:_identify(.) by extension 'cmake'
[1.007s] Level 1:colcon.colcon_core.package_identification:_identify(.) by extension 'python'
[1.008s] Level 1:colcon.colcon_core.package_identification:_identify(.) by extensions ['python_setup_py']
[1.008s] Level 1:colcon.colcon_core.package_identification:_identify(.) by extension 'python_setup_py'
[1.008s] Level 1:colcon.colcon_core.package_identification:_identify(build) by extensions ['ignore', 'ignore_ament_install']
[1.009s] Level 1:colcon.colcon_core.package_identification:_identify(build) by extension 'ignore'
[1.009s] Level 1:colcon.colcon_core.package_identification:_identify(build) ignored
[1.010s] Level 1:colcon.colcon_core.package_identification:_identify(install) by extensions ['ignore', 'ignore_ament_install']
[1.010s] Level 1:colcon.colcon_core.package_identification:_identify(install) by extension 'ignore'
[1.010s] Level 1:colcon.colcon_core.package_identification:_identify(install) ignored
[1.011s] Level 1:colcon.colcon_core.package_identification:_identify(log) by extensions ['ignore', 'ignore_ament_install']
[1.011s] Level 1:colcon.colcon_core.package_identification:_identify(log) by extension 'ignore'
[1.011s] Level 1:colcon.colcon_core.package_identification:_identify(log) ignored
[1.012s] Level 1:colcon.colcon_core.package_identification:_identify(my_robot_controller) by extensions ['ignore', 'ignore_ament_install']
[1.012s] Level 1:colcon.colcon_core.package_identification:_identify(my_robot_controller) by extension 'ignore'
[1.012s] Level 1:colcon.colcon_core.package_identification:_identify(my_robot_controller) by extension 'ignore_ament_install'
[1.013s] Level 1:colcon.colcon_core.package_identification:_identify(my_robot_controller) by extensions ['colcon_pkg']
[1.013s] Level 1:colcon.colcon_core.package_identification:_identify(my_robot_controller) by extension 'colcon_pkg'
[1.013s] Level 1:colcon.colcon_core.package_identification:_identify(my_robot_controller) by extensions ['colcon_meta']
[1.013s] Level 1:colcon.colcon_core.package_identification:_identify(my_robot_controller) by extension 'colcon_meta'
[1.013s] Level 1:colcon.colcon_core.package_identification:_identify(my_robot_controller) by extensions ['ros']
[1.014s] Level 1:colcon.colcon_core.package_identification:_identify(my_robot_controller) by extension 'ros'
[1.021s] DEBUG:colcon.colcon_core.package_identification:Package 'my_robot_controller' with type 'ros.ament_python' and name 'my_robot_controller'
[1.022s] Level 1:colcon.colcon_core.package_discovery:discover_packages(recursive) using defaults
[1.022s] Level 1:colcon.colcon_core.package_discovery:discover_packages(ignore) discover
[1.022s] Level 1:colcon.colcon_core.package_discovery:discover_packages(ignore) using defaults
[1.022s] Level 1:colcon.colcon_core.package_discovery:discover_packages(path) discover
[1.022s] Level 1:colcon.colcon_core.package_discovery:discover_packages(path) using defaults
[1.091s] Level 1:colcon.colcon_core.package_discovery:discover_packages(prefix_path) check parameters
[1.091s] Level 1:colcon.colcon_core.package_discovery:discover_packages(prefix_path) discover
[1.127s] DEBUG:colcon.colcon_installed_package_information.package_discovery:Found 1 installed packages in /home/aathil/ros2_ws/install
[1.131s] DEBUG:colcon.colcon_installed_package_information.package_discovery:Found 270 installed packages in /opt/ros/humble
[1.136s] Level 1:colcon.colcon_core.package_discovery:discover_packages(prefix_path) using defaults
[1.279s] Level 5:colcon.colcon_core.verb:set package 'my_robot_controller' build argument 'cmake_args' from command line to 'None'
[1.279s] Level 5:colcon.colcon_core.verb:set package 'my_robot_controller' build argument 'cmake_target' from command line to 'None'
[1.280s] Level 5:colcon.colcon_core.verb:set package 'my_robot_controller' build argument 'cmake_target_skip_unavailable' from command line to 'False'
[1.280s] Level 5:colcon.colcon_core.verb:set package 'my_robot_controller' build argument 'cmake_clean_cache' from command line to 'False'
[1.280s] Level 5:colcon.colcon_core.verb:set package 'my_robot_controller' build argument 'cmake_clean_first' from command line to 'False'
[1.280s] Level 5:colcon.colcon_core.verb:set package 'my_robot_controller' build argument 'cmake_force_configure' from command line to 'False'
[1.280s] Level 5:colcon.colcon_core.verb:set package 'my_robot_controller' build argument 'ament_cmake_args' from command line to 'None'
[1.280s] Level 5:colcon.colcon_core.verb:set package 'my_robot_controller' build argument 'catkin_cmake_args' from command line to 'None'
[1.280s] Level 5:colcon.colcon_core.verb:set package 'my_robot_controller' build argument 'catkin_skip_building_tests' from command line to 'False'
[1.281s] DEBUG:colcon.colcon_core.verb:Building package 'my_robot_controller' with the following arguments: {'ament_cmake_args': None, 'build_base': '/home/aathil/ros2_ws/src/build/my_robot_controller', 'catkin_cmake_args': None, 'catkin_skip_building_tests': False, 'cmake_args': None, 'cmake_clean_cache': False, 'cmake_clean_first': False, 'cmake_force_configure': False, 'cmake_target': None, 'cmake_target_skip_unavailable': False, 'install_base': '/home/aathil/ros2_ws/src/install/my_robot_controller', 'merge_install': False, 'path': '/home/aathil/ros2_ws/src/my_robot_controller', 'symlink_install': True, 'test_result_base': None}
[1.281s] INFO:colcon.colcon_core.executor:Executing jobs using 'parallel' executor
[1.285s] DEBUG:colcon.colcon_parallel_executor.executor.parallel:run_until_complete
[1.285s] INFO:colcon.colcon_ros.task.ament_python.build:Building ROS package in '/home/aathil/ros2_ws/src/my_robot_controller' with build type 'ament_python'
[1.286s] Level 1:colcon.colcon_core.shell:create_environment_hook('my_robot_controller', 'ament_prefix_path')
[1.292s] INFO:colcon.colcon_core.plugin_system:Skipping extension 'colcon_core.shell.bat': Not used on non-Windows systems
[1.292s] INFO:colcon.colcon_core.shell:Creating environment hook '/home/aathil/ros2_ws/src/install/my_robot_controller/share/my_robot_controller/hook/ament_prefix_path.ps1'
[1.294s] INFO:colcon.colcon_core.shell:Creating environment descriptor '/home/aathil/ros2_ws/src/install/my_robot_controller/share/my_robot_controller/hook/ament_prefix_path.dsv'
[1.296s] INFO:colcon.colcon_core.shell:Creating environment hook '/home/aathil/ros2_ws/src/install/my_robot_controller/share/my_robot_controller/hook/ament_prefix_path.sh'
[1.299s] INFO:colcon.colcon_core.shell:Skip shell extension 'powershell' for command environment: Not usable outside of PowerShell
[1.299s] DEBUG:colcon.colcon_core.shell:Skip shell extension 'dsv' for command environment
[2.188s] INFO:colcon.colcon_core.task.python.build:Building Python package in '/home/aathil/ros2_ws/src/my_robot_controller'
[2.189s] INFO:colcon.colcon_core.shell:Skip shell extension 'powershell' for command environment: Not usable outside of PowerShell
[2.189s] DEBUG:colcon.colcon_core.shell:Skip shell extension 'dsv' for command environment
[3.316s] DEBUG:colcon.colcon_core.event_handler.log_command:Invoking command in '/home/aathil/ros2_ws/src/build/my_robot_controller': PYTHONPATH=/home/aathil/ros2_ws/src/build/my_robot_controller/prefix_override:/usr/lib/python3/dist-packages/colcon_core/task/python/colcon_distutils_commands:/home/aathil/ros2_ws/src/install/my_robot_controller/lib/python3.10/site-packages:${PYTHONPATH} /usr/bin/python3 -W ignore:setup.py install is deprecated -W ignore:easy_install command is deprecated setup.py develop --editable --build-directory /home/aathil/ros2_ws/src/build/my_robot_controller/build --no-deps symlink_data
[4.933s] Level 1:colcon.colcon_core.shell:create_environment_hook('my_robot_controller', 'pythonpath_develop')
[4.934s] INFO:colcon.colcon_core.shell:Creating environment hook '/home/aathil/ros2_ws/src/build/my_robot_controller/share/my_robot_controller/hook/pythonpath_develop.ps1'
[4.936s] DEBUG:colcon.colcon_core.event_handler.log_command:Invoked command in '/home/aathil/ros2_ws/src/build/my_robot_controller' returned '0': PYTHONPATH=/home/aathil/ros2_ws/src/build/my_robot_controller/prefix_override:/usr/lib/python3/dist-packages/colcon_core/task/python/colcon_distutils_commands:/home/aathil/ros2_ws/src/install/my_robot_controller/lib/python3.10/site-packages:${PYTHONPATH} /usr/bin/python3 -W ignore:setup.py install is deprecated -W ignore:easy_install command is deprecated setup.py develop --editable --build-directory /home/aathil/ros2_ws/src/build/my_robot_controller/build --no-deps symlink_data
[4.938s] INFO:colcon.colcon_core.shell:Creating environment descriptor '/home/aathil/ros2_ws/src/build/my_robot_controller/share/my_robot_controller/hook/pythonpath_develop.dsv'
[4.940s] INFO:colcon.colcon_core.shell:Creating environment hook '/home/aathil/ros2_ws/src/build/my_robot_controller/share/my_robot_controller/hook/pythonpath_develop.sh'
[4.952s] Level 1:colcon.colcon_core.environment:checking '/home/aathil/ros2_ws/src/install/my_robot_controller' for CMake module files
[4.954s] Level 1:colcon.colcon_core.environment:checking '/home/aathil/ros2_ws/src/install/my_robot_controller' for CMake config files
[4.957s] Level 1:colcon.colcon_core.environment:checking '/home/aathil/ros2_ws/src/install/my_robot_controller/lib'
[4.958s] Level 1:colcon.colcon_core.environment:checking '/home/aathil/ros2_ws/src/install/my_robot_controller/bin'
[4.959s] Level 1:colcon.colcon_core.environment:checking '/home/aathil/ros2_ws/src/install/my_robot_controller/lib/pkgconfig/my_robot_controller.pc'
[4.960s] Level 1:colcon.colcon_core.environment:checking '/home/aathil/ros2_ws/src/install/my_robot_controller/lib/python3.10/site-packages'
[4.960s] Level 1:colcon.colcon_core.shell:create_environment_hook('my_robot_controller', 'pythonpath')
[4.962s] INFO:colcon.colcon_core.shell:Creating environment hook '/home/aathil/ros2_ws/src/install/my_robot_controller/share/my_robot_controller/hook/pythonpath.ps1'
[4.964s] INFO:colcon.colcon_core.shell:Creating environment descriptor '/home/aathil/ros2_ws/src/install/my_robot_controller/share/my_robot_controller/hook/pythonpath.dsv'
[4.966s] INFO:colcon.colcon_core.shell:Creating environment hook '/home/aathil/ros2_ws/src/install/my_robot_controller/share/my_robot_controller/hook/pythonpath.sh'
[4.970s] Level 1:colcon.colcon_core.environment:checking '/home/aathil/ros2_ws/src/install/my_robot_controller/bin'
[4.970s] Level 1:colcon.colcon_core.environment:create_environment_scripts_only(my_robot_controller)
[4.972s] INFO:colcon.colcon_core.shell:Creating package script '/home/aathil/ros2_ws/src/install/my_robot_controller/share/my_robot_controller/package.ps1'
[4.976s] INFO:colcon.colcon_core.shell:Creating package descriptor '/home/aathil/ros2_ws/src/install/my_robot_controller/share/my_robot_controller/package.dsv'
[4.979s] INFO:colcon.colcon_core.shell:Creating package script '/home/aathil/ros2_ws/src/install/my_robot_controller/share/my_robot_controller/package.sh'
[4.983s] INFO:colcon.colcon_core.shell:Creating package script '/home/aathil/ros2_ws/src/install/my_robot_controller/share/my_robot_controller/package.bash'
[4.987s] INFO:colcon.colcon_core.shell:Creating package script '/home/aathil/ros2_ws/src/install/my_robot_controller/share/my_robot_controller/package.zsh'
[4.990s] Level 1:colcon.colcon_core.environment:create_file_with_runtime_dependencies(/home/aathil/ros2_ws/src/install/my_robot_controller/share/colcon-core/packages/my_robot_controller)
[4.991s] DEBUG:colcon.colcon_parallel_executor.executor.parallel:closing loop
[4.993s] DEBUG:colcon.colcon_parallel_executor.executor.parallel:loop closed
[4.993s] DEBUG:colcon.colcon_parallel_executor.executor.parallel:run_until_complete finished with '0'
[4.993s] DEBUG:colcon.colcon_core.event_reactor:joining thread
[5.015s] INFO:colcon.colcon_core.plugin_system:Skipping extension 'colcon_notification.desktop_notification.terminal_notifier': Not used on non-Darwin systems
[5.016s] INFO:colcon.colcon_core.plugin_system:Skipping extension 'colcon_notification.desktop_notification.win32': Not used on non-Windows systems
[5.016s] INFO:colcon.colcon_notification.desktop_notification:Sending desktop notification using 'notify2'
[5.116s] DEBUG:colcon.colcon_core.event_reactor:joined thread
[5.118s] INFO:colcon.colcon_core.shell:Creating prefix script '/home/aathil/ros2_ws/src/install/local_setup.ps1'
[5.122s] INFO:colcon.colcon_core.shell:Creating prefix util module '/home/aathil/ros2_ws/src/install/_local_setup_util_ps1.py'
[5.128s] INFO:colcon.colcon_core.shell:Creating prefix chain script '/home/aathil/ros2_ws/src/install/setup.ps1'
[5.132s] INFO:colcon.colcon_core.shell:Creating prefix script '/home/aathil/ros2_ws/src/install/local_setup.sh'
[5.135s] INFO:colcon.colcon_core.shell:Creating prefix util module '/home/aathil/ros2_ws/src/install/_local_setup_util_sh.py'
[5.137s] INFO:colcon.colcon_core.shell:Creating prefix chain script '/home/aathil/ros2_ws/src/install/setup.sh'
[5.142s] INFO:colcon.colcon_core.shell:Creating prefix script '/home/aathil/ros2_ws/src/install/local_setup.bash'
[5.145s] INFO:colcon.colcon_core.shell:Creating prefix chain script '/home/aathil/ros2_ws/src/install/setup.bash'
[5.150s] INFO:colcon.colcon_core.shell:Creating prefix script '/home/aathil/ros2_ws/src/install/local_setup.zsh'
[5.153s] INFO:colcon.colcon_core.shell:Creating prefix chain script '/home/aathil/ros2_ws/src/install/setup.zsh'
