[1.774s] Invoking command in '/home/aathil/ros2_ws/src/build/my_robot_controller': PYTHONPATH=/home/aathil/ros2_ws/src/build/my_robot_controller/prefix_override:/usr/lib/python3/dist-packages/colcon_core/task/python/colcon_distutils_commands:/home/aathil/ros2_ws/src/install/my_robot_controller/lib/python3.10/site-packages:${PYTHONPATH} /usr/bin/python3 -W ignore:setup.py install is deprecated -W ignore:easy_install command is deprecated setup.py develop --editable --build-directory /home/aathil/ros2_ws/src/build/my_robot_controller/build --no-deps symlink_data
[2.674s] running develop
[3.149s] running egg_info
[3.149s] writing my_robot_controller.egg-info/PKG-INFO
[3.150s] writing dependency_links to my_robot_controller.egg-info/dependency_links.txt
[3.151s] writing entry points to my_robot_controller.egg-info/entry_points.txt
[3.151s] writing requirements to my_robot_controller.egg-info/requires.txt
[3.151s] writing top-level names to my_robot_controller.egg-info/top_level.txt
[3.157s] reading manifest file 'my_robot_controller.egg-info/SOURCES.txt'
[3.158s] writing manifest file 'my_robot_controller.egg-info/SOURCES.txt'
[3.161s] running build_ext
[3.162s] Creating /home/aathil/ros2_ws/src/install/my_robot_controller/lib/python3.10/site-packages/my-robot-controller.egg-link (link to .)
[3.164s] Installing Draw_circle script to /home/aathil/ros2_ws/src/install/my_robot_controller/lib/my_robot_controller
[3.164s] Installing draw_circle script to /home/aathil/ros2_ws/src/install/my_robot_controller/lib/my_robot_controller
[3.165s] Installing pose_subscriber script to /home/aathil/ros2_ws/src/install/my_robot_controller/lib/my_robot_controller
[3.165s] Installing test_node script to /home/aathil/ros2_ws/src/install/my_robot_controller/lib/my_robot_controller
[3.165s] Installing turtle_controller script to /home/aathil/ros2_ws/src/install/my_robot_controller/lib/my_robot_controller
[3.166s] 
[3.166s] Installed /home/aathil/ros2_ws/src/build/my_robot_controller
[3.167s] running symlink_data
[3.254s] Invoked command in '/home/aathil/ros2_ws/src/build/my_robot_controller' returned '0': PYTHONPATH=/home/aathil/ros2_ws/src/build/my_robot_controller/prefix_override:/usr/lib/python3/dist-packages/colcon_core/task/python/colcon_distutils_commands:/home/aathil/ros2_ws/src/install/my_robot_controller/lib/python3.10/site-packages:${PYTHONPATH} /usr/bin/python3 -W ignore:setup.py install is deprecated -W ignore:easy_install command is deprecated setup.py develop --editable --build-directory /home/aathil/ros2_ws/src/build/my_robot_controller/build --no-deps symlink_data
